<?xml version="1.0" encoding="UTF-8"?>
<!-- Generated by org.testng.reporters.JUnitReportReporter -->
<testsuite hostname="PC-Wanderson" failures="0" tests="1" name="pack2.Test2" time="5.879" errors="0" timestamp="2022-04-19T21:07:21 EDT" skipped="0">
  <testcase classname="pack2.Test2" name="findMultipleElementsDevoir3Lisez1erParagraph" time="5.879"/>
  <system-out/>
</testsuite> <!-- pack2.Test2 -->
