<?xml version="1.0" encoding="UTF-8"?>
<!-- Generated by org.testng.reporters.JUnitReportReporter -->
<testsuite hostname="PC-Wanderson" failures="0" tests="1" name="pack2.MyFirstTest" time="5.268" errors="0" timestamp="2022-04-07T19:24:31 EDT" skipped="0">
  <testcase classname="pack2.MyFirstTest" name="demo" time="5.268"/>
  <system-out/>
</testsuite> <!-- pack2.MyFirstTest -->
